0 info it worked if it ends with ok
1 verbose cli [ '/Users/huangyi/.nvm/versions/node/v4.4.5/bin/node',
1 verbose cli   '/Users/huangyi/.nvm/versions/node/v4.4.5/bin/npm',
1 verbose cli   'version',
1 verbose cli   'patch' ]
2 info using npm@2.15.5
3 info using node@v4.4.5
4 info git [ 'status', '--porcelain' ]
5 verbose stack Error: Git working directory not clean.
5 verbose stack M dist/picker.min.js
5 verbose stack     at /Users/huangyi/.nvm/versions/node/v4.4.5/lib/node_modules/npm/lib/version.js:171:21
5 verbose stack     at ChildProcess.exithandler (child_process.js:204:7)
5 verbose stack     at emitTwo (events.js:87:13)
5 verbose stack     at ChildProcess.emit (events.js:172:7)
5 verbose stack     at maybeClose (internal/child_process.js:827:16)
5 verbose stack     at Socket.<anonymous> (internal/child_process.js:319:11)
5 verbose stack     at emitOne (events.js:77:13)
5 verbose stack     at Socket.emit (events.js:169:7)
5 verbose stack     at Pipe._onclose (net.js:477:12)
6 verbose cwd /Users/huangyi/Code/github/picker
7 error Darwin 14.4.0
8 error argv "/Users/huangyi/.nvm/versions/node/v4.4.5/bin/node" "/Users/huangyi/.nvm/versions/node/v4.4.5/bin/npm" "version" "patch"
9 error node v4.4.5
10 error npm  v2.15.5
11 error Git working directory not clean.
11 error M dist/picker.min.js
12 error If you need help, you may report this error at:
12 error     <https://github.com/npm/npm/issues>
13 verbose exit [ 1, true ]
